<?xml version="1.0" encoding="UTF-8"?>
<!-- Generated by org.testng.reporters.JUnitReportReporter -->
<testsuite ignored="3" hostname="DESKTOP-BD9ARB1" failures="0" tests="2" name="com.aiite.pageexecution.HomePageExecution" time="0.002" errors="1" timestamp="25 Mar 2023 02:53:19 GMT" skipped="1">
  <testcase classname="com.aiite.pageexecution.HomePageExecution" name="beforeMethod" time="0.000">
    <error message="
Parameter &#039;browser&#039; is required by BeforeMethod on method beforeMethod but has not been marked @Optional or defined
in C:\Users\user\AppData\Local\Temp\testng-eclipse--1403833756\testng-customsuite.xml" type="org.testng.TestNGException">
      <![CDATA[org.testng.TestNGException: 
Parameter 'browser' is required by BeforeMethod on method beforeMethod but has not been marked @Optional or defined
in C:\Users\user\AppData\Local\Temp\testng-eclipse--1403833756\testng-customsuite.xml
	at org.testng.internal.Parameters.createParameters(Parameters.java:199)
	at org.testng.internal.Parameters.createParameters(Parameters.java:443)
	at org.testng.internal.Parameters.createConfigurationParameters(Parameters.java:118)
	at org.testng.internal.Invoker.invokeConfigurations(Invoker.java:203)
	at org.testng.internal.Invoker.invokeMethod(Invoker.java:590)
	at org.testng.internal.Invoker.invokeTestMethod(Invoker.java:851)
	at org.testng.internal.Invoker.invokeTestMethods(Invoker.java:1177)
	at org.testng.internal.TestMethodWorker.invokeTestMethods(TestMethodWorker.java:129)
	at org.testng.internal.TestMethodWorker.run(TestMethodWorker.java:112)
	at org.testng.TestRunner.privateRun(TestRunner.java:756)
	at org.testng.TestRunner.run(TestRunner.java:610)
	at org.testng.SuiteRunner.runTest(SuiteRunner.java:387)
	at org.testng.SuiteRunner.runSequentially(SuiteRunner.java:382)
	at org.testng.SuiteRunner.privateRun(SuiteRunner.java:340)
	at org.testng.SuiteRunner.run(SuiteRunner.java:289)
	at org.testng.SuiteRunnerWorker.runSuite(SuiteRunnerWorker.java:52)
	at org.testng.SuiteRunnerWorker.run(SuiteRunnerWorker.java:86)
	at org.testng.TestNG.runSuitesSequentially(TestNG.java:1293)
	at org.testng.TestNG.runSuitesLocally(TestNG.java:1218)
	at org.testng.TestNG.runSuites(TestNG.java:1133)
	at org.testng.TestNG.run(TestNG.java:1104)
	at org.testng.remote.AbstractRemoteTestNG.run(AbstractRemoteTestNG.java:115)
	at org.testng.remote.RemoteTestNG.initAndRun(RemoteTestNG.java:251)
	at org.testng.remote.RemoteTestNG.main(RemoteTestNG.java:77)
]]>
    </error>
  </testcase> <!-- beforeMethod -->
  <testcase classname="com.aiite.pageexecution.HomePageExecution" name="laptopSearch3" time="0.002">
    <skipped/>
  </testcase> <!-- laptopSearch3 -->
  <testcase classname="com.aiite.pageexecution.HomePageExecution" name="laptopSearch">
    <skipped/>
  </testcase> <!-- laptopSearch -->
  <testcase classname="com.aiite.pageexecution.HomePageExecution" name="mobileSearch">
    <skipped/>
  </testcase> <!-- mobileSearch -->
  <testcase classname="com.aiite.pageexecution.HomePageExecution" name="televisionSearch">
    <skipped/>
  </testcase> <!-- televisionSearch -->
</testsuite> <!-- com.aiite.pageexecution.HomePageExecution -->
